<?xml version="1.0" encoding="UTF-8"?>
<testsuite xmlns:xsi="http://www.w3.org/2001/XMLSchema-instance" xsi:noNamespaceSchemaLocation="https://maven.apache.org/surefire/maven-surefire-plugin/xsd/surefire-test-report.xsd" name="top.kagerou.ookamibot.DemoApplicationTests" time="5.409" tests="1" errors="0" skipped="0" failures="0">
  <properties>
    <property name="sun.desktop" value="windows"/>
    <property name="awt.toolkit" value="sun.awt.windows.WToolkit"/>
    <property name="file.encoding.pkg" value="sun.io"/>
    <property name="java.specification.version" value="1.8"/>
    <property name="sun.cpu.isalist" value="amd64"/>
    <property name="sun.jnu.encoding" value="GBK"/>
    <property name="java.class.path" value="D:\My file\java\mirai-springboot\ookamibot\target\test-classes;D:\My file\java\mirai-springboot\ookamibot\target\classes;C:\Users\93031\.m2\repository\org\springframework\boot\spring-boot-starter\2.3.2.RELEASE\spring-boot-starter-2.3.2.RELEASE.jar;C:\Users\93031\.m2\repository\org\springframework\boot\spring-boot\2.3.2.RELEASE\spring-boot-2.3.2.RELEASE.jar;C:\Users\93031\.m2\repository\org\springframework\spring-context\5.2.8.RELEASE\spring-context-5.2.8.RELEASE.jar;C:\Users\93031\.m2\repository\org\springframework\spring-aop\5.2.8.RELEASE\spring-aop-5.2.8.RELEASE.jar;C:\Users\93031\.m2\repository\org\springframework\spring-beans\5.2.8.RELEASE\spring-beans-5.2.8.RELEASE.jar;C:\Users\93031\.m2\repository\org\springframework\spring-expression\5.2.8.RELEASE\spring-expression-5.2.8.RELEASE.jar;C:\Users\93031\.m2\repository\org\springframework\boot\spring-boot-autoconfigure\2.3.2.RELEASE\spring-boot-autoconfigure-2.3.2.RELEASE.jar;C:\Users\93031\.m2\repository\org\springframework\boot\spring-boot-starter-logging\2.3.2.RELEASE\spring-boot-starter-logging-2.3.2.RELEASE.jar;C:\Users\93031\.m2\repository\ch\qos\logback\logback-classic\1.2.3\logback-classic-1.2.3.jar;C:\Users\93031\.m2\repository\ch\qos\logback\logback-core\1.2.3\logback-core-1.2.3.jar;C:\Users\93031\.m2\repository\org\apache\logging\log4j\log4j-to-slf4j\2.13.3\log4j-to-slf4j-2.13.3.jar;C:\Users\93031\.m2\repository\org\apache\logging\log4j\log4j-api\2.13.3\log4j-api-2.13.3.jar;C:\Users\93031\.m2\repository\org\slf4j\jul-to-slf4j\1.7.30\jul-to-slf4j-1.7.30.jar;C:\Users\93031\.m2\repository\jakarta\annotation\jakarta.annotation-api\1.3.5\jakarta.annotation-api-1.3.5.jar;C:\Users\93031\.m2\repository\org\springframework\spring-core\5.2.8.RELEASE\spring-core-5.2.8.RELEASE.jar;C:\Users\93031\.m2\repository\org\springframework\spring-jcl\5.2.8.RELEASE\spring-jcl-5.2.8.RELEASE.jar;C:\Users\93031\.m2\repository\org\yaml\snakeyaml\1.26\snakeyaml-1.26.jar;C:\Users\93031\.m2\repository\org\springframework\boot\spring-boot-devtools\2.3.2.RELEASE\spring-boot-devtools-2.3.2.RELEASE.jar;C:\Users\93031\.m2\repository\org\projectlombok\lombok\1.18.12\lombok-1.18.12.jar;C:\Users\93031\.m2\repository\org\springframework\boot\spring-boot-starter-test\2.3.2.RELEASE\spring-boot-starter-test-2.3.2.RELEASE.jar;C:\Users\93031\.m2\repository\org\springframework\boot\spring-boot-test\2.3.2.RELEASE\spring-boot-test-2.3.2.RELEASE.jar;C:\Users\93031\.m2\repository\org\springframework\boot\spring-boot-test-autoconfigure\2.3.2.RELEASE\spring-boot-test-autoconfigure-2.3.2.RELEASE.jar;C:\Users\93031\.m2\repository\com\jayway\jsonpath\json-path\2.4.0\json-path-2.4.0.jar;C:\Users\93031\.m2\repository\net\minidev\json-smart\2.3\json-smart-2.3.jar;C:\Users\93031\.m2\repository\net\minidev\accessors-smart\1.2\accessors-smart-1.2.jar;C:\Users\93031\.m2\repository\org\ow2\asm\asm\5.0.4\asm-5.0.4.jar;C:\Users\93031\.m2\repository\org\slf4j\slf4j-api\1.7.30\slf4j-api-1.7.30.jar;C:\Users\93031\.m2\repository\jakarta\xml\bind\jakarta.xml.bind-api\2.3.3\jakarta.xml.bind-api-2.3.3.jar;C:\Users\93031\.m2\repository\jakarta\activation\jakarta.activation-api\1.2.2\jakarta.activation-api-1.2.2.jar;C:\Users\93031\.m2\repository\org\assertj\assertj-core\3.16.1\assertj-core-3.16.1.jar;C:\Users\93031\.m2\repository\org\hamcrest\hamcrest\2.2\hamcrest-2.2.jar;C:\Users\93031\.m2\repository\org\junit\jupiter\junit-jupiter\5.6.2\junit-jupiter-5.6.2.jar;C:\Users\93031\.m2\repository\org\junit\jupiter\junit-jupiter-api\5.6.2\junit-jupiter-api-5.6.2.jar;C:\Users\93031\.m2\repository\org\apiguardian\apiguardian-api\1.1.0\apiguardian-api-1.1.0.jar;C:\Users\93031\.m2\repository\org\opentest4j\opentest4j\1.2.0\opentest4j-1.2.0.jar;C:\Users\93031\.m2\repository\org\junit\platform\junit-platform-commons\1.6.2\junit-platform-commons-1.6.2.jar;C:\Users\93031\.m2\repository\org\junit\jupiter\junit-jupiter-params\5.6.2\junit-jupiter-params-5.6.2.jar;C:\Users\93031\.m2\repository\org\junit\jupiter\junit-jupiter-engine\5.6.2\junit-jupiter-engine-5.6.2.jar;C:\Users\93031\.m2\repository\org\junit\platform\junit-platform-engine\1.6.2\junit-platform-engine-1.6.2.jar;C:\Users\93031\.m2\repository\org\mockito\mockito-core\3.3.3\mockito-core-3.3.3.jar;C:\Users\93031\.m2\repository\net\bytebuddy\byte-buddy\1.10.13\byte-buddy-1.10.13.jar;C:\Users\93031\.m2\repository\net\bytebuddy\byte-buddy-agent\1.10.13\byte-buddy-agent-1.10.13.jar;C:\Users\93031\.m2\repository\org\objenesis\objenesis\2.6\objenesis-2.6.jar;C:\Users\93031\.m2\repository\org\mockito\mockito-junit-jupiter\3.3.3\mockito-junit-jupiter-3.3.3.jar;C:\Users\93031\.m2\repository\org\skyscreamer\jsonassert\1.5.0\jsonassert-1.5.0.jar;C:\Users\93031\.m2\repository\com\vaadin\external\google\android-json\0.0.20131108.vaadin1\android-json-0.0.20131108.vaadin1.jar;C:\Users\93031\.m2\repository\org\springframework\spring-test\5.2.8.RELEASE\spring-test-5.2.8.RELEASE.jar;C:\Users\93031\.m2\repository\org\xmlunit\xmlunit-core\2.7.0\xmlunit-core-2.7.0.jar;C:\Users\93031\.m2\repository\com\alibaba\fastjson\1.2.71\fastjson-1.2.71.jar;C:\Users\93031\.m2\repository\net\mamoe\mirai-core-qqandroid\1.1.3\mirai-core-qqandroid-1.1.3.jar;C:\Users\93031\.m2\repository\moe\him188\jcekt\1.0.0\jcekt-1.0.0.jar;C:\Users\93031\.m2\repository\org\jetbrains\kotlin\kotlin-stdlib-common\1.3.72\kotlin-stdlib-common-1.3.72.jar;C:\Users\93031\.m2\repository\org\jetbrains\kotlinx\kotlinx-serialization-runtime\0.20.0\kotlinx-serialization-runtime-0.20.0.jar;C:\Users\93031\.m2\repository\org\jetbrains\kotlin\kotlin-stdlib\1.3.72\kotlin-stdlib-1.3.72.jar;C:\Users\93031\.m2\repository\org\jetbrains\annotations\13.0\annotations-13.0.jar;C:\Users\93031\.m2\repository\org\jetbrains\kotlinx\kotlinx-serialization-runtime-common\0.20.0\kotlinx-serialization-runtime-common-0.20.0.jar;C:\Users\93031\.m2\repository\org\jetbrains\kotlinx\kotlinx-serialization-protobuf-common\0.20.0\kotlinx-serialization-protobuf-common-0.20.0.jar;C:\Users\93031\.m2\repository\moe\him188\jcekt-common\1.0.0\jcekt-common-1.0.0.jar;C:\Users\93031\.m2\repository\org\jetbrains\kotlinx\atomicfu\0.14.2\atomicfu-0.14.2.jar;C:\Users\93031\.m2\repository\org\jetbrains\kotlinx\kotlinx-io\0.1.16\kotlinx-io-0.1.16.jar;C:\Users\93031\.m2\repository\org\jetbrains\kotlinx\kotlinx-coroutines-io\0.1.16\kotlinx-coroutines-io-0.1.16.jar;C:\Users\93031\.m2\repository\net\mamoe\mirai-core\1.1.3\mirai-core-1.1.3.jar;C:\Users\93031\.m2\repository\org\jetbrains\kotlin\kotlin-reflect\1.3.72\kotlin-reflect-1.3.72.jar;C:\Users\93031\.m2\repository\io\ktor\ktor-client-core-jvm\1.3.2\ktor-client-core-jvm-1.3.2.jar;C:\Users\93031\.m2\repository\io\ktor\ktor-http-jvm\1.3.2\ktor-http-jvm-1.3.2.jar;C:\Users\93031\.m2\repository\org\jetbrains\kotlin\kotlin-stdlib-jdk7\1.3.72\kotlin-stdlib-jdk7-1.3.72.jar;C:\Users\93031\.m2\repository\io\ktor\ktor-http-cio-jvm\1.3.2\ktor-http-cio-jvm-1.3.2.jar;C:\Users\93031\.m2\repository\org\jetbrains\kotlinx\kotlinx-io-jvm\0.1.16\kotlinx-io-jvm-0.1.16.jar;C:\Users\93031\.m2\repository\org\jetbrains\kotlinx\kotlinx-serialization-protobuf\0.20.0\kotlinx-serialization-protobuf-0.20.0.jar;C:\Users\93031\.m2\repository\org\jetbrains\kotlinx\kotlinx-coroutines-io-jvm\0.1.16\kotlinx-coroutines-io-jvm-0.1.16.jar;C:\Users\93031\.m2\repository\org\jetbrains\kotlinx\kotlinx-coroutines-core\1.3.8\kotlinx-coroutines-core-1.3.8.jar;C:\Users\93031\.m2\repository\org\bouncycastle\bcprov-jdk15on\1.64\bcprov-jdk15on-1.64.jar;C:\Users\93031\.m2\repository\org\jetbrains\kotlin\kotlin-serialization\1.3.72\kotlin-serialization-1.3.72.jar;C:\Users\93031\.m2\repository\org\jetbrains\kotlinx\kotlinx-coroutines-core-common\1.3.8\kotlinx-coroutines-core-common-1.3.8.jar;C:\Users\93031\.m2\repository\org\jetbrains\kotlinx\atomicfu-common\0.14.2\atomicfu-common-0.14.2.jar;C:\Users\93031\.m2\repository\io\ktor\ktor-client-cio\1.3.2\ktor-client-cio-1.3.2.jar;C:\Users\93031\.m2\repository\io\ktor\ktor-network-tls\1.3.2\ktor-network-tls-1.3.2.jar;C:\Users\93031\.m2\repository\io\ktor\ktor-client-core\1.3.2\ktor-client-core-1.3.2.jar;C:\Users\93031\.m2\repository\io\ktor\ktor-http\1.3.2\ktor-http-1.3.2.jar;C:\Users\93031\.m2\repository\io\ktor\ktor-utils\1.3.2\ktor-utils-1.3.2.jar;C:\Users\93031\.m2\repository\io\ktor\ktor-io\1.3.2\ktor-io-1.3.2.jar;C:\Users\93031\.m2\repository\io\ktor\ktor-http-cio\1.3.2\ktor-http-cio-1.3.2.jar;C:\Users\93031\.m2\repository\io\ktor\ktor-network\1.3.2\ktor-network-1.3.2.jar;C:\Users\93031\.m2\repository\io\ktor\ktor-utils-jvm\1.3.2\ktor-utils-jvm-1.3.2.jar;C:\Users\93031\.m2\repository\io\ktor\ktor-io-jvm\1.3.2\ktor-io-jvm-1.3.2.jar;C:\Users\93031\.m2\repository\net\dreamlu\mica-http\2.0.4\mica-http-2.0.4.jar;C:\Users\93031\.m2\repository\net\dreamlu\mica-core\2.0.4\mica-core-2.0.4.jar;C:\Users\93031\.m2\repository\com\fasterxml\jackson\core\jackson-databind\2.11.1\jackson-databind-2.11.1.jar;C:\Users\93031\.m2\repository\com\fasterxml\jackson\core\jackson-annotations\2.11.1\jackson-annotations-2.11.1.jar;C:\Users\93031\.m2\repository\com\fasterxml\jackson\core\jackson-core\2.11.1\jackson-core-2.11.1.jar;C:\Users\93031\.m2\repository\com\squareup\okhttp3\okhttp\3.14.9\okhttp-3.14.9.jar;C:\Users\93031\.m2\repository\com\squareup\okio\okio\1.17.2\okio-1.17.2.jar;C:\Users\93031\.m2\repository\com\squareup\okhttp3\logging-interceptor\3.14.9\logging-interceptor-3.14.9.jar;"/>
    <property name="java.vm.vendor" value="Oracle Corporation"/>
    <property name="sun.arch.data.model" value="64"/>
    <property name="user.variant" value=""/>
    <property name="java.vendor.url" value="http://java.oracle.com/"/>
    <property name="user.timezone" value="Asia/Shanghai"/>
    <property name="java.vm.specification.version" value="1.8"/>
    <property name="os.name" value="Windows 10"/>
    <property name="user.country" value="CN"/>
    <property name="sun.java.launcher" value="SUN_STANDARD"/>
    <property name="sun.boot.library.path" value="C:\Program Files\Java\jdk1.8.0_251\jre\bin"/>
    <property name="sun.java.command" value="C:\Users\93031\AppData\Local\Temp\surefire7128256341927518635\surefirebooter2264022329908388328.jar C:\Users\93031\AppData\Local\Temp\surefire7128256341927518635 2020-08-07T00-28-55_303-jvmRun1 surefire7325730674595163482tmp surefire_02441959766335802756tmp"/>
    <property name="surefire.test.class.path" value="D:\My file\java\mirai-springboot\ookamibot\target\test-classes;D:\My file\java\mirai-springboot\ookamibot\target\classes;C:\Users\93031\.m2\repository\org\springframework\boot\spring-boot-starter\2.3.2.RELEASE\spring-boot-starter-2.3.2.RELEASE.jar;C:\Users\93031\.m2\repository\org\springframework\boot\spring-boot\2.3.2.RELEASE\spring-boot-2.3.2.RELEASE.jar;C:\Users\93031\.m2\repository\org\springframework\spring-context\5.2.8.RELEASE\spring-context-5.2.8.RELEASE.jar;C:\Users\93031\.m2\repository\org\springframework\spring-aop\5.2.8.RELEASE\spring-aop-5.2.8.RELEASE.jar;C:\Users\93031\.m2\repository\org\springframework\spring-beans\5.2.8.RELEASE\spring-beans-5.2.8.RELEASE.jar;C:\Users\93031\.m2\repository\org\springframework\spring-expression\5.2.8.RELEASE\spring-expression-5.2.8.RELEASE.jar;C:\Users\93031\.m2\repository\org\springframework\boot\spring-boot-autoconfigure\2.3.2.RELEASE\spring-boot-autoconfigure-2.3.2.RELEASE.jar;C:\Users\93031\.m2\repository\org\springframework\boot\spring-boot-starter-logging\2.3.2.RELEASE\spring-boot-starter-logging-2.3.2.RELEASE.jar;C:\Users\93031\.m2\repository\ch\qos\logback\logback-classic\1.2.3\logback-classic-1.2.3.jar;C:\Users\93031\.m2\repository\ch\qos\logback\logback-core\1.2.3\logback-core-1.2.3.jar;C:\Users\93031\.m2\repository\org\apache\logging\log4j\log4j-to-slf4j\2.13.3\log4j-to-slf4j-2.13.3.jar;C:\Users\93031\.m2\repository\org\apache\logging\log4j\log4j-api\2.13.3\log4j-api-2.13.3.jar;C:\Users\93031\.m2\repository\org\slf4j\jul-to-slf4j\1.7.30\jul-to-slf4j-1.7.30.jar;C:\Users\93031\.m2\repository\jakarta\annotation\jakarta.annotation-api\1.3.5\jakarta.annotation-api-1.3.5.jar;C:\Users\93031\.m2\repository\org\springframework\spring-core\5.2.8.RELEASE\spring-core-5.2.8.RELEASE.jar;C:\Users\93031\.m2\repository\org\springframework\spring-jcl\5.2.8.RELEASE\spring-jcl-5.2.8.RELEASE.jar;C:\Users\93031\.m2\repository\org\yaml\snakeyaml\1.26\snakeyaml-1.26.jar;C:\Users\93031\.m2\repository\org\springframework\boot\spring-boot-devtools\2.3.2.RELEASE\spring-boot-devtools-2.3.2.RELEASE.jar;C:\Users\93031\.m2\repository\org\projectlombok\lombok\1.18.12\lombok-1.18.12.jar;C:\Users\93031\.m2\repository\org\springframework\boot\spring-boot-starter-test\2.3.2.RELEASE\spring-boot-starter-test-2.3.2.RELEASE.jar;C:\Users\93031\.m2\repository\org\springframework\boot\spring-boot-test\2.3.2.RELEASE\spring-boot-test-2.3.2.RELEASE.jar;C:\Users\93031\.m2\repository\org\springframework\boot\spring-boot-test-autoconfigure\2.3.2.RELEASE\spring-boot-test-autoconfigure-2.3.2.RELEASE.jar;C:\Users\93031\.m2\repository\com\jayway\jsonpath\json-path\2.4.0\json-path-2.4.0.jar;C:\Users\93031\.m2\repository\net\minidev\json-smart\2.3\json-smart-2.3.jar;C:\Users\93031\.m2\repository\net\minidev\accessors-smart\1.2\accessors-smart-1.2.jar;C:\Users\93031\.m2\repository\org\ow2\asm\asm\5.0.4\asm-5.0.4.jar;C:\Users\93031\.m2\repository\org\slf4j\slf4j-api\1.7.30\slf4j-api-1.7.30.jar;C:\Users\93031\.m2\repository\jakarta\xml\bind\jakarta.xml.bind-api\2.3.3\jakarta.xml.bind-api-2.3.3.jar;C:\Users\93031\.m2\repository\jakarta\activation\jakarta.activation-api\1.2.2\jakarta.activation-api-1.2.2.jar;C:\Users\93031\.m2\repository\org\assertj\assertj-core\3.16.1\assertj-core-3.16.1.jar;C:\Users\93031\.m2\repository\org\hamcrest\hamcrest\2.2\hamcrest-2.2.jar;C:\Users\93031\.m2\repository\org\junit\jupiter\junit-jupiter\5.6.2\junit-jupiter-5.6.2.jar;C:\Users\93031\.m2\repository\org\junit\jupiter\junit-jupiter-api\5.6.2\junit-jupiter-api-5.6.2.jar;C:\Users\93031\.m2\repository\org\apiguardian\apiguardian-api\1.1.0\apiguardian-api-1.1.0.jar;C:\Users\93031\.m2\repository\org\opentest4j\opentest4j\1.2.0\opentest4j-1.2.0.jar;C:\Users\93031\.m2\repository\org\junit\platform\junit-platform-commons\1.6.2\junit-platform-commons-1.6.2.jar;C:\Users\93031\.m2\repository\org\junit\jupiter\junit-jupiter-params\5.6.2\junit-jupiter-params-5.6.2.jar;C:\Users\93031\.m2\repository\org\junit\jupiter\junit-jupiter-engine\5.6.2\junit-jupiter-engine-5.6.2.jar;C:\Users\93031\.m2\repository\org\junit\platform\junit-platform-engine\1.6.2\junit-platform-engine-1.6.2.jar;C:\Users\93031\.m2\repository\org\mockito\mockito-core\3.3.3\mockito-core-3.3.3.jar;C:\Users\93031\.m2\repository\net\bytebuddy\byte-buddy\1.10.13\byte-buddy-1.10.13.jar;C:\Users\93031\.m2\repository\net\bytebuddy\byte-buddy-agent\1.10.13\byte-buddy-agent-1.10.13.jar;C:\Users\93031\.m2\repository\org\objenesis\objenesis\2.6\objenesis-2.6.jar;C:\Users\93031\.m2\repository\org\mockito\mockito-junit-jupiter\3.3.3\mockito-junit-jupiter-3.3.3.jar;C:\Users\93031\.m2\repository\org\skyscreamer\jsonassert\1.5.0\jsonassert-1.5.0.jar;C:\Users\93031\.m2\repository\com\vaadin\external\google\android-json\0.0.20131108.vaadin1\android-json-0.0.20131108.vaadin1.jar;C:\Users\93031\.m2\repository\org\springframework\spring-test\5.2.8.RELEASE\spring-test-5.2.8.RELEASE.jar;C:\Users\93031\.m2\repository\org\xmlunit\xmlunit-core\2.7.0\xmlunit-core-2.7.0.jar;C:\Users\93031\.m2\repository\com\alibaba\fastjson\1.2.71\fastjson-1.2.71.jar;C:\Users\93031\.m2\repository\net\mamoe\mirai-core-qqandroid\1.1.3\mirai-core-qqandroid-1.1.3.jar;C:\Users\93031\.m2\repository\moe\him188\jcekt\1.0.0\jcekt-1.0.0.jar;C:\Users\93031\.m2\repository\org\jetbrains\kotlin\kotlin-stdlib-common\1.3.72\kotlin-stdlib-common-1.3.72.jar;C:\Users\93031\.m2\repository\org\jetbrains\kotlinx\kotlinx-serialization-runtime\0.20.0\kotlinx-serialization-runtime-0.20.0.jar;C:\Users\93031\.m2\repository\org\jetbrains\kotlin\kotlin-stdlib\1.3.72\kotlin-stdlib-1.3.72.jar;C:\Users\93031\.m2\repository\org\jetbrains\annotations\13.0\annotations-13.0.jar;C:\Users\93031\.m2\repository\org\jetbrains\kotlinx\kotlinx-serialization-runtime-common\0.20.0\kotlinx-serialization-runtime-common-0.20.0.jar;C:\Users\93031\.m2\repository\org\jetbrains\kotlinx\kotlinx-serialization-protobuf-common\0.20.0\kotlinx-serialization-protobuf-common-0.20.0.jar;C:\Users\93031\.m2\repository\moe\him188\jcekt-common\1.0.0\jcekt-common-1.0.0.jar;C:\Users\93031\.m2\repository\org\jetbrains\kotlinx\atomicfu\0.14.2\atomicfu-0.14.2.jar;C:\Users\93031\.m2\repository\org\jetbrains\kotlinx\kotlinx-io\0.1.16\kotlinx-io-0.1.16.jar;C:\Users\93031\.m2\repository\org\jetbrains\kotlinx\kotlinx-coroutines-io\0.1.16\kotlinx-coroutines-io-0.1.16.jar;C:\Users\93031\.m2\repository\net\mamoe\mirai-core\1.1.3\mirai-core-1.1.3.jar;C:\Users\93031\.m2\repository\org\jetbrains\kotlin\kotlin-reflect\1.3.72\kotlin-reflect-1.3.72.jar;C:\Users\93031\.m2\repository\io\ktor\ktor-client-core-jvm\1.3.2\ktor-client-core-jvm-1.3.2.jar;C:\Users\93031\.m2\repository\io\ktor\ktor-http-jvm\1.3.2\ktor-http-jvm-1.3.2.jar;C:\Users\93031\.m2\repository\org\jetbrains\kotlin\kotlin-stdlib-jdk7\1.3.72\kotlin-stdlib-jdk7-1.3.72.jar;C:\Users\93031\.m2\repository\io\ktor\ktor-http-cio-jvm\1.3.2\ktor-http-cio-jvm-1.3.2.jar;C:\Users\93031\.m2\repository\org\jetbrains\kotlinx\kotlinx-io-jvm\0.1.16\kotlinx-io-jvm-0.1.16.jar;C:\Users\93031\.m2\repository\org\jetbrains\kotlinx\kotlinx-serialization-protobuf\0.20.0\kotlinx-serialization-protobuf-0.20.0.jar;C:\Users\93031\.m2\repository\org\jetbrains\kotlinx\kotlinx-coroutines-io-jvm\0.1.16\kotlinx-coroutines-io-jvm-0.1.16.jar;C:\Users\93031\.m2\repository\org\jetbrains\kotlinx\kotlinx-coroutines-core\1.3.8\kotlinx-coroutines-core-1.3.8.jar;C:\Users\93031\.m2\repository\org\bouncycastle\bcprov-jdk15on\1.64\bcprov-jdk15on-1.64.jar;C:\Users\93031\.m2\repository\org\jetbrains\kotlin\kotlin-serialization\1.3.72\kotlin-serialization-1.3.72.jar;C:\Users\93031\.m2\repository\org\jetbrains\kotlinx\kotlinx-coroutines-core-common\1.3.8\kotlinx-coroutines-core-common-1.3.8.jar;C:\Users\93031\.m2\repository\org\jetbrains\kotlinx\atomicfu-common\0.14.2\atomicfu-common-0.14.2.jar;C:\Users\93031\.m2\repository\io\ktor\ktor-client-cio\1.3.2\ktor-client-cio-1.3.2.jar;C:\Users\93031\.m2\repository\io\ktor\ktor-network-tls\1.3.2\ktor-network-tls-1.3.2.jar;C:\Users\93031\.m2\repository\io\ktor\ktor-client-core\1.3.2\ktor-client-core-1.3.2.jar;C:\Users\93031\.m2\repository\io\ktor\ktor-http\1.3.2\ktor-http-1.3.2.jar;C:\Users\93031\.m2\repository\io\ktor\ktor-utils\1.3.2\ktor-utils-1.3.2.jar;C:\Users\93031\.m2\repository\io\ktor\ktor-io\1.3.2\ktor-io-1.3.2.jar;C:\Users\93031\.m2\repository\io\ktor\ktor-http-cio\1.3.2\ktor-http-cio-1.3.2.jar;C:\Users\93031\.m2\repository\io\ktor\ktor-network\1.3.2\ktor-network-1.3.2.jar;C:\Users\93031\.m2\repository\io\ktor\ktor-utils-jvm\1.3.2\ktor-utils-jvm-1.3.2.jar;C:\Users\93031\.m2\repository\io\ktor\ktor-io-jvm\1.3.2\ktor-io-jvm-1.3.2.jar;C:\Users\93031\.m2\repository\net\dreamlu\mica-http\2.0.4\mica-http-2.0.4.jar;C:\Users\93031\.m2\repository\net\dreamlu\mica-core\2.0.4\mica-core-2.0.4.jar;C:\Users\93031\.m2\repository\com\fasterxml\jackson\core\jackson-databind\2.11.1\jackson-databind-2.11.1.jar;C:\Users\93031\.m2\repository\com\fasterxml\jackson\core\jackson-annotations\2.11.1\jackson-annotations-2.11.1.jar;C:\Users\93031\.m2\repository\com\fasterxml\jackson\core\jackson-core\2.11.1\jackson-core-2.11.1.jar;C:\Users\93031\.m2\repository\com\squareup\okhttp3\okhttp\3.14.9\okhttp-3.14.9.jar;C:\Users\93031\.m2\repository\com\squareup\okio\okio\1.17.2\okio-1.17.2.jar;C:\Users\93031\.m2\repository\com\squareup\okhttp3\logging-interceptor\3.14.9\logging-interceptor-3.14.9.jar;"/>
    <property name="sun.cpu.endian" value="little"/>
    <property name="user.home" value="C:\Users\93031"/>
    <property name="user.language" value="zh"/>
    <property name="java.specification.vendor" value="Oracle Corporation"/>
    <property name="java.home" value="C:\Program Files\Java\jdk1.8.0_251\jre"/>
    <property name="basedir" value="D:\My file\java\mirai-springboot\ookamibot"/>
    <property name="file.separator" value="\"/>
    <property name="line.separator" value="&#10;"/>
    <property name="java.vm.specification.vendor" value="Oracle Corporation"/>
    <property name="java.specification.name" value="Java Platform API Specification"/>
    <property name="java.awt.graphicsenv" value="sun.awt.Win32GraphicsEnvironment"/>
    <property name="surefire.real.class.path" value="C:\Users\93031\AppData\Local\Temp\surefire7128256341927518635\surefirebooter2264022329908388328.jar"/>
    <property name="sun.boot.class.path" value="C:\Program Files\Java\jdk1.8.0_251\jre\lib\resources.jar;C:\Program Files\Java\jdk1.8.0_251\jre\lib\rt.jar;C:\Program Files\Java\jdk1.8.0_251\jre\lib\sunrsasign.jar;C:\Program Files\Java\jdk1.8.0_251\jre\lib\jsse.jar;C:\Program Files\Java\jdk1.8.0_251\jre\lib\jce.jar;C:\Program Files\Java\jdk1.8.0_251\jre\lib\charsets.jar;C:\Program Files\Java\jdk1.8.0_251\jre\lib\jfr.jar;C:\Program Files\Java\jdk1.8.0_251\jre\classes"/>
    <property name="user.script" value=""/>
    <property name="sun.management.compiler" value="HotSpot 64-Bit Tiered Compilers"/>
    <property name="java.runtime.version" value="1.8.0_251-b08"/>
    <property name="user.name" value="93031"/>
    <property name="path.separator" value=";"/>
    <property name="os.version" value="10.0"/>
    <property name="java.endorsed.dirs" value="C:\Program Files\Java\jdk1.8.0_251\jre\lib\endorsed"/>
    <property name="java.runtime.name" value="Java(TM) SE Runtime Environment"/>
    <property name="file.encoding" value="GBK"/>
    <property name="java.vm.name" value="Java HotSpot(TM) 64-Bit Server VM"/>
    <property name="localRepository" value="C:\Users\93031\.m2\repository"/>
    <property name="java.vendor.url.bug" value="http://bugreport.sun.com/bugreport/"/>
    <property name="java.io.tmpdir" value="C:\Users\93031\AppData\Local\Temp\"/>
    <property name="java.version" value="1.8.0_251"/>
    <property name="user.dir" value="D:\My file\java\mirai-springboot\ookamibot"/>
    <property name="os.arch" value="amd64"/>
    <property name="java.vm.specification.name" value="Java Virtual Machine Specification"/>
    <property name="java.awt.printerjob" value="sun.awt.windows.WPrinterJob"/>
    <property name="sun.os.patch.level" value=""/>
    <property name="java.library.path" value="C:\Program Files\Java\jdk1.8.0_251\jre\bin;C:\Windows\Sun\Java\bin;C:\Windows\system32;C:\Windows;C:\Program Files\PowerShell\7;C:\Program Files\AdoptOpenJDK\jdk-14.0.2.12-hotspot\bin;C:\Program Files (x86)\Intel\iCLS Client\;C:\Program Files\Intel\iCLS Client\;C:\Windows\system32;C:\Windows;C:\Windows\System32\Wbem;C:\Windows\System32\WindowsPowerShell\v1.0\;C:\Program Files (x86)\Intel\Intel(R) Management Engine Components\DAL;C:\Program Files\Intel\Intel(R) Management Engine Components\DAL;C:\Program Files (x86)\Intel\Intel(R) Management Engine Components\IPT;C:\Program Files\Intel\Intel(R) Management Engine Components\IPT;C:\Windows\System32\OpenSSH\;D:\Program Files\PuTTY\;C:\Program Files\Java\jdk1.8.0_251\bin;C:\Program Files\PowerShell\7\;C:\Program Files\Git\cmd;D:\Program Files\nodejs\;C:\Users\93031\AppData\Local\Microsoft\WindowsApps;D:\Program Files\Microsoft VS Code\bin;D:\My soft\apache-maven-3.6.3\bin;D:\My soft\bin;C:\Users\93031\AppData\Local\GitHubDesktop\bin;C:\Users\93031\AppData\Roaming\npm;."/>
    <property name="java.vm.info" value="mixed mode"/>
    <property name="java.vendor" value="Oracle Corporation"/>
    <property name="java.vm.version" value="25.251-b08"/>
    <property name="java.ext.dirs" value="C:\Program Files\Java\jdk1.8.0_251\jre\lib\ext;C:\Windows\Sun\Java\lib\ext"/>
    <property name="sun.io.unicode.encoding" value="UnicodeLittle"/>
    <property name="java.class.version" value="52.0"/>
  </properties>
  <testcase name="contextLoads" classname="top.kagerou.ookamibot.DemoApplicationTests" time="0.008"/>
</testsuite>